2025-01-04 03:56:49,536 - __main__ - INFO - SECTION 0: LOGGING SETUP

2025-01-04 03:56:49,564 - __main__ - INFO - 

SECTION 1: IMPORT LIBRARIES & GLOBAL VARIABLES

2025-01-04 03:56:49,585 - __main__ - INFO - 

SECTION 2: LOAD & EXPLORE DATA

2025-01-04 03:56:49,687 - __main__ - INFO - Successfully loaded DataFrame with shape: (107251, 15)
2025-01-04 03:56:49,690 - __main__ - INFO - Sample rows of the DataFrame:
2025-01-04 03:56:49,692 - __main__ - INFO - 

|    | StartTime                  |     Dur | Proto   | SrcAddr       |   Sport | Dir   | DstAddr       |   Dport | State   |   sTos |   dTos |   TotPkts |   TotBytes |   SrcBytes | Label                           |
|---:|:---------------------------|--------:|:--------|:--------------|--------:|:------|:--------------|--------:|:--------|-------:|-------:|----------:|-----------:|-----------:|:--------------------------------|
|  0 | 2011/08/18 15:40:53.826372 | 2.98325 | tcp     | 76.76.172.248 |   63577 | ->    | 147.32.84.229 |   13363 | SR_SA   |      0 |      0 |         3 |        184 |        122 | flow=Background-TCP-Established |
|  1 | 2011/08/18 15:40:55.435494 | 2.90603 | tcp     | 76.76.172.248 |   63580 | ->    | 147.32.84.229 |     443 | SR_SA   |      0 |      0 |         3 |        184 |        122 | flow=Background-TCP-Established |
|  2 | 2011/08/18 15:40:57.060613 | 3.03052 | tcp     | 76.76.172.248 |   63582 | ->    | 147.32.84.229 |      80 | SR_SA   |      0 |      0 |         3 |        184 |        122 | flow=Background-TCP-Established |
|  3 | 2011/08/18 15:40:56.809619 | 6.01623 | tcp     | 76.76.172.248 |   63577 | ->    | 147.32.84.229 |   13363 | SR_SA   |      0 |      0 |         3 |        184 |        122 | flow=Background-TCP-Established |
|  4 | 2011/08/18 15:40:58.341523 | 6.12472 | tcp     | 76.76.172.248 |   63580 | ->    | 147.32.84.229 |     443 | SR_SA   |      0 |      0 |         3 |        184 |        122 | flow=Background-TCP-Established |

2025-01-04 03:56:49,694 - __main__ - INFO - Data types:
2025-01-04 03:56:49,712 - __main__ - INFO - 
```
<class 'pandas.core.frame.DataFrame'>
RangeIndex: 107251 entries, 0 to 107250
Data columns (total 15 columns):
 #   Column     Non-Null Count   Dtype  
---  ------     --------------   -----  
 0   StartTime  107251 non-null  object 
 1   Dur        107251 non-null  float64
 2   Proto      107251 non-null  object 
 3   SrcAddr    107251 non-null  object 
 4   Sport      106788 non-null  object 
 5   Dir        107251 non-null  object 
 6   DstAddr    107251 non-null  object 
 7   Dport      99351 non-null   object 
 8   State      107160 non-null  object 
 9   sTos       106271 non-null  float64
 10  dTos       90292 non-null   float64
 11  TotPkts    107251 non-null  int64  
 12  TotBytes   107251 non-null  int64  
 13  SrcBytes   107251 non-null  int64  
 14  Label      107251 non-null  object 
dtypes: float64(3), int64(3), object(9)
memory usage: 12.3+ MB

```
2025-01-04 03:56:49,733 - __main__ - INFO - 

SECTION 3: BASIC DATA CLEANING & FEATURE ENGINEERING

2025-01-04 03:56:49,842 - __main__ - INFO - Feature matrix shape: (10882, 15), Target vector shape: (10882,)
2025-01-04 03:56:49,849 - __main__ - INFO - Showing the first few rows of the engineered DataFrame:
2025-01-04 03:56:49,851 - __main__ - INFO - 

|     |     Dur | Proto   | Dir   | State   | SrcAddr       | DstAddr        | SportRange   | DportRange   |   TotPkts |   TotBytes |   SrcBytes |   BytesPerSecond |   PktsPerSecond |   SrcAddrEntropy |   DstAddrEntropy |   Botnet |
|----:|--------:|:--------|:------|:--------|:--------------|:---------------|:-------------|:-------------|----------:|-----------:|-----------:|-----------------:|----------------:|-----------------:|-----------------:|---------:|
|  40 | 969.979 | tcp     | <?>   | PA_RPA  | 147.32.84.164 | 64.12.68.227   | Ephemeral    | WellKnown    |        53 |       4279 |       1791 |          4.41144 |       0.0546404 |          2.81507 |          2.62581 |        0 |
|  41 | 960.129 | tcp     | <?>   | PA_A    | 147.32.84.164 | 64.12.73.134   | Registered   | WellKnown    |        38 |       2280 |       1140 |          2.37468 |       0.039578  |          2.81507 |          2.68872 |        0 |
|  42 | 960.127 | tcp     | <?>   | PA_PA   | 147.32.84.164 | 205.188.8.253  | Ephemeral    | WellKnown    |       129 |      22731 |       7130 |         23.675   |       0.134357  |          2.81507 |          2.66123 |        0 |
| 568 | 265.885 | tcp     | <?>   | PA_RA   | 147.32.84.134 | 205.188.17.129 | Ephemeral    | WellKnown    |        17 |       1020 |        480 |          3.83625 |       0.0639375 |          2.66123 |          2.84237 |        0 |
| 569 | 960.5   | tcp     | <?>   | PA_A    | 147.32.84.134 | 64.12.73.133   | Ephemeral    | WellKnown    |        62 |       3720 |       1860 |          3.87298 |       0.0645497 |          2.66123 |          2.62581 |        0 |

2025-01-04 03:56:49,856 - __main__ - INFO - 

<class 'pandas.core.frame.DataFrame'>
Index: 10882 entries, 40 to 106683
Data columns (total 16 columns):
 #   Column          Non-Null Count  Dtype  
---  ------          --------------  -----  
 0   Dur             10882 non-null  float64
 1   Proto           10882 non-null  object 
 2   Dir             10882 non-null  object 
 3   State           10791 non-null  object 
 4   SrcAddr         10882 non-null  object 
 5   DstAddr         10882 non-null  object 
 6   SportRange      10882 non-null  object 
 7   DportRange      10882 non-null  object 
 8   TotPkts         10882 non-null  int64  
 9   TotBytes        10882 non-null  int64  
 10  SrcBytes        10882 non-null  int64  
 11  BytesPerSecond  10882 non-null  float64
 12  PktsPerSecond   10882 non-null  float64
 13  SrcAddrEntropy  10882 non-null  float64
 14  DstAddrEntropy  10882 non-null  float64
 15  Botnet          10882 non-null  int64  
dtypes: float64(5), int64(4), object(7)
memory usage: 1.4+ MB


2025-01-04 03:56:49,877 - __main__ - INFO - 

SECTION 4: VISUALIZATIONS

2025-01-04 03:56:49,880 - __main__ - INFO - Creating basic visualizations...
2025-01-04 03:56:50,111 - __main__ - INFO - Bar/Pie chart figure saved to plots/botnet_distribution.png
2025-01-04 03:56:50,640 - __main__ - INFO - Correlation heatmap saved to plots/correlation_heatmap.png
2025-01-04 03:56:50,800 - __main__ - INFO - 

SECTION 5: TRAIN-TEST SPLIT AND MULTI-MODEL PIPELINE

2025-01-04 03:56:50,803 - __main__ - INFO - Splitting dataset into train and test sets...
2025-01-04 03:56:50,810 - __main__ - INFO - Train set shape: (8705, 13), Test set shape: (2177, 13)
2025-01-04 03:56:50,814 - __main__ - INFO - Starting GridSearch for RandomForest...
2025-01-04 03:56:50,817 - __main__ - INFO - Fitting RandomForest model with GridSearchCV...
2025-01-04 03:56:52,964 - __main__ - INFO - RandomForest -> Training time: 2.15 seconds
2025-01-04 03:56:52,977 - __main__ - INFO - 
Classification Report for RandomForest:
              precision    recall  f1-score   support

           0       1.00      1.00      1.00       544
           1       1.00      1.00      1.00      1633

    accuracy                           1.00      2177
   macro avg       1.00      1.00      1.00      2177
weighted avg       1.00      1.00      1.00      2177

2025-01-04 03:56:52,980 - __main__ - INFO - RandomForest -> Best Params: {'clf__max_depth': 10, 'clf__min_samples_leaf': 1, 'clf__min_samples_split': 2, 'clf__n_estimators': 50}
2025-01-04 03:56:52,982 - __main__ - INFO - RandomForest -> Best CV Score (F1): 0.9992
2025-01-04 03:56:52,984 - __main__ - INFO - RandomForest -> Test Accuracy: 0.9986
2025-01-04 03:56:52,986 - __main__ - INFO - RandomForest -> Test Precision: 0.9988
2025-01-04 03:56:52,988 - __main__ - INFO - RandomForest -> Test Recall: 0.9994
2025-01-04 03:56:52,990 - __main__ - INFO - RandomForest -> Test F1 Score: 0.9991
2025-01-04 03:56:52,999 - __main__ - INFO - RandomForest -> Test ROC AUC: 1.0000
2025-01-04 03:56:53,168 - __main__ - INFO - ROC curve saved to plots/roc_RandomForest.png
2025-01-04 03:56:53,317 - __main__ - INFO - Confusion matrix saved to plots/confusion_matrix_RandomForest.png
2025-01-04 03:56:53,322 - __main__ - INFO - RandomForest -> Top 10 features (feature_importances_):
2025-01-04 03:56:53,325 - __main__ - INFO -   SrcBytes: 0.3074
2025-01-04 03:56:53,327 - __main__ - INFO -   PktsPerSecond: 0.2473
2025-01-04 03:56:53,330 - __main__ - INFO -   TotBytes: 0.2103
2025-01-04 03:56:53,332 - __main__ - INFO -   BytesPerSecond: 0.0845
2025-01-04 03:56:53,334 - __main__ - INFO -   Dur: 0.0581
2025-01-04 03:56:53,337 - __main__ - INFO -   State: 0.0222
2025-01-04 03:56:53,340 - __main__ - INFO -   SrcAddrEntropy: 0.0221
2025-01-04 03:56:53,341 - __main__ - INFO -   Dir: 0.0161
2025-01-04 03:56:53,344 - __main__ - INFO -   DportRange: 0.0133
2025-01-04 03:56:53,346 - __main__ - INFO -   Proto: 0.0085
2025-01-04 03:56:53,506 - __main__ - INFO - Top 10 features bar chart saved to plots/top10_features_RandomForest.png
2025-01-04 03:56:53,509 - __main__ - INFO - Starting GridSearch for DecisionTree...
2025-01-04 03:56:53,512 - __main__ - INFO - Fitting DecisionTree model with GridSearchCV...
2025-01-04 03:56:53,619 - __main__ - INFO - DecisionTree -> Training time: 0.11 seconds
2025-01-04 03:56:53,629 - __main__ - INFO - 
Classification Report for DecisionTree:
              precision    recall  f1-score   support

           0       1.00      1.00      1.00       544
           1       1.00      1.00      1.00      1633

    accuracy                           1.00      2177
   macro avg       1.00      1.00      1.00      2177
weighted avg       1.00      1.00      1.00      2177

2025-01-04 03:56:53,632 - __main__ - INFO - DecisionTree -> Best Params: {'clf__max_depth': 10, 'clf__min_samples_leaf': 1, 'clf__min_samples_split': 2}
2025-01-04 03:56:53,635 - __main__ - INFO - DecisionTree -> Best CV Score (F1): 0.9991
2025-01-04 03:56:53,638 - __main__ - INFO - DecisionTree -> Test Accuracy: 0.9991
2025-01-04 03:56:53,640 - __main__ - INFO - DecisionTree -> Test Precision: 0.9988
2025-01-04 03:56:53,642 - __main__ - INFO - DecisionTree -> Test Recall: 1.0000
2025-01-04 03:56:53,645 - __main__ - INFO - DecisionTree -> Test F1 Score: 0.9994
2025-01-04 03:56:53,650 - __main__ - INFO - DecisionTree -> Test ROC AUC: 0.9982
2025-01-04 03:56:53,810 - __main__ - INFO - ROC curve saved to plots/roc_DecisionTree.png
2025-01-04 03:56:53,920 - __main__ - INFO - Confusion matrix saved to plots/confusion_matrix_DecisionTree.png
2025-01-04 03:56:53,923 - __main__ - INFO - DecisionTree -> Top 10 features (feature_importances_):
2025-01-04 03:56:53,925 - __main__ - INFO -   SrcBytes: 0.9625
2025-01-04 03:56:53,927 - __main__ - INFO -   Proto: 0.0286
2025-01-04 03:56:53,930 - __main__ - INFO -   SrcAddrEntropy: 0.0031
2025-01-04 03:56:53,932 - __main__ - INFO -   TotBytes: 0.0026
2025-01-04 03:56:53,934 - __main__ - INFO -   DstAddrEntropy: 0.0018
2025-01-04 03:56:53,935 - __main__ - INFO -   DportRange: 0.0011
2025-01-04 03:56:53,938 - __main__ - INFO -   State: 0.0003
2025-01-04 03:56:53,940 - __main__ - INFO -   PktsPerSecond: 0.0000
2025-01-04 03:56:53,942 - __main__ - INFO -   BytesPerSecond: 0.0000
2025-01-04 03:56:53,943 - __main__ - INFO -   TotPkts: 0.0000
2025-01-04 03:56:54,094 - __main__ - INFO - Top 10 features bar chart saved to plots/top10_features_DecisionTree.png
2025-01-04 03:56:54,097 - __main__ - INFO - Starting GridSearch for NaiveBayes...
2025-01-04 03:56:54,100 - __main__ - INFO - Fitting NaiveBayes model with GridSearchCV...
2025-01-04 03:56:54,142 - __main__ - INFO - NaiveBayes -> Training time: 0.04 seconds
2025-01-04 03:56:54,151 - __main__ - INFO - 
Classification Report for NaiveBayes:
              precision    recall  f1-score   support

           0       0.99      0.93      0.96       544
           1       0.98      1.00      0.99      1633

    accuracy                           0.98      2177
   macro avg       0.99      0.97      0.97      2177
weighted avg       0.98      0.98      0.98      2177

2025-01-04 03:56:54,154 - __main__ - INFO - NaiveBayes -> Best Params: {'clf__var_smoothing': 1e-09}
2025-01-04 03:56:54,156 - __main__ - INFO - NaiveBayes -> Best CV Score (F1): 0.9865
2025-01-04 03:56:54,158 - __main__ - INFO - NaiveBayes -> Test Accuracy: 0.9816
2025-01-04 03:56:54,160 - __main__ - INFO - NaiveBayes -> Test Precision: 0.9778
2025-01-04 03:56:54,162 - __main__ - INFO - NaiveBayes -> Test Recall: 0.9982
2025-01-04 03:56:54,164 - __main__ - INFO - NaiveBayes -> Test F1 Score: 0.9879
2025-01-04 03:56:54,168 - __main__ - INFO - NaiveBayes -> Test ROC AUC: 0.9963
2025-01-04 03:56:54,326 - __main__ - INFO - ROC curve saved to plots/roc_NaiveBayes.png
2025-01-04 03:56:54,436 - __main__ - INFO - Confusion matrix saved to plots/confusion_matrix_NaiveBayes.png
2025-01-04 03:56:54,438 - __main__ - WARNING - NaiveBayes does not provide feature_importances_ or coef_. Skipping top features graphic.
2025-01-04 03:56:54,441 - __main__ - INFO - Starting GridSearch for KNN...
2025-01-04 03:56:54,443 - __main__ - INFO - Fitting KNN model with GridSearchCV...
2025-01-04 03:56:54,602 - __main__ - INFO - KNN -> Training time: 0.16 seconds
2025-01-04 03:56:54,647 - __main__ - INFO - 
Classification Report for KNN:
              precision    recall  f1-score   support

           0       1.00      1.00      1.00       544
           1       1.00      1.00      1.00      1633

    accuracy                           1.00      2177
   macro avg       1.00      1.00      1.00      2177
weighted avg       1.00      1.00      1.00      2177

2025-01-04 03:56:54,650 - __main__ - INFO - KNN -> Best Params: {'clf__n_neighbors': 5, 'clf__weights': 'distance'}
2025-01-04 03:56:54,652 - __main__ - INFO - KNN -> Best CV Score (F1): 0.9988
2025-01-04 03:56:54,654 - __main__ - INFO - KNN -> Test Accuracy: 0.9991
2025-01-04 03:56:54,656 - __main__ - INFO - KNN -> Test Precision: 1.0000
2025-01-04 03:56:54,658 - __main__ - INFO - KNN -> Test Recall: 0.9988
2025-01-04 03:56:54,660 - __main__ - INFO - KNN -> Test F1 Score: 0.9994
2025-01-04 03:56:54,701 - __main__ - INFO - KNN -> Test ROC AUC: 1.0000
2025-01-04 03:56:54,850 - __main__ - INFO - ROC curve saved to plots/roc_KNN.png
2025-01-04 03:56:54,956 - __main__ - INFO - Confusion matrix saved to plots/confusion_matrix_KNN.png
2025-01-04 03:56:54,962 - __main__ - WARNING - KNN does not provide feature_importances_ or coef_. Skipping top features graphic.
2025-01-04 03:56:54,966 - __main__ - INFO - Starting GridSearch for SVM...
2025-01-04 03:56:54,969 - __main__ - INFO - Fitting SVM model with GridSearchCV...
2025-01-04 03:56:58,597 - __main__ - INFO - SVM -> Training time: 3.63 seconds
2025-01-04 03:56:58,616 - __main__ - INFO - 
Classification Report for SVM:
              precision    recall  f1-score   support

           0       1.00      0.99      0.99       544
           1       1.00      1.00      1.00      1633

    accuracy                           1.00      2177
   macro avg       1.00      0.99      1.00      2177
weighted avg       1.00      1.00      1.00      2177

2025-01-04 03:56:58,618 - __main__ - INFO - SVM -> Best Params: {'clf__C': 10.0, 'clf__kernel': 'rbf'}
2025-01-04 03:56:58,621 - __main__ - INFO - SVM -> Best CV Score (F1): 0.9953
2025-01-04 03:56:58,623 - __main__ - INFO - SVM -> Test Accuracy: 0.9963
2025-01-04 03:56:58,625 - __main__ - INFO - SVM -> Test Precision: 0.9957
2025-01-04 03:56:58,627 - __main__ - INFO - SVM -> Test Recall: 0.9994
2025-01-04 03:56:58,629 - __main__ - INFO - SVM -> Test F1 Score: 0.9976
2025-01-04 03:56:58,649 - __main__ - INFO - SVM -> Test ROC AUC: 0.9999
2025-01-04 03:56:58,798 - __main__ - INFO - ROC curve saved to plots/roc_SVM.png
2025-01-04 03:56:58,905 - __main__ - INFO - Confusion matrix saved to plots/confusion_matrix_SVM.png
2025-01-04 03:56:58,908 - __main__ - WARNING - SVM does not provide feature_importances_ or coef_. Skipping top features graphic.
2025-01-04 03:56:58,910 - __main__ - INFO - Starting GridSearch for LogisticRegression...
2025-01-04 03:56:58,913 - __main__ - INFO - Fitting LogisticRegression model with GridSearchCV...
2025-01-04 03:57:19,781 - __main__ - INFO - LogisticRegression -> Training time: 20.87 seconds
2025-01-04 03:57:19,800 - __main__ - INFO - 
Classification Report for LogisticRegression:
              precision    recall  f1-score   support

           0       1.00      0.96      0.98       544
           1       0.99      1.00      0.99      1633

    accuracy                           0.99      2177
   macro avg       0.99      0.98      0.99      2177
weighted avg       0.99      0.99      0.99      2177

2025-01-04 03:57:19,875 - __main__ - INFO - LogisticRegression -> Best Params: {'clf__C': 10, 'clf__penalty': 'l1'}
2025-01-04 03:57:19,886 - __main__ - INFO - LogisticRegression -> Best CV Score (F1): 0.9917
2025-01-04 03:57:19,896 - __main__ - INFO - LogisticRegression -> Test Accuracy: 0.9890
2025-01-04 03:57:19,914 - __main__ - INFO - LogisticRegression -> Test Precision: 0.9867
2025-01-04 03:57:19,920 - __main__ - INFO - LogisticRegression -> Test Recall: 0.9988
2025-01-04 03:57:19,932 - __main__ - INFO - LogisticRegression -> Test F1 Score: 0.9927
2025-01-04 03:57:19,950 - __main__ - INFO - LogisticRegression -> Test ROC AUC: 0.9997
2025-01-04 03:57:20,194 - __main__ - INFO - ROC curve saved to plots/roc_LogisticRegression.png
2025-01-04 03:57:20,315 - __main__ - INFO - Confusion matrix saved to plots/confusion_matrix_LogisticRegression.png
2025-01-04 03:57:20,318 - __main__ - INFO - LogisticRegression -> Top 10 features (coef_):
2025-01-04 03:57:20,320 - __main__ - INFO -   SrcBytes: 25.0571
2025-01-04 03:57:20,322 - __main__ - INFO -   PktsPerSecond: -12.1941
2025-01-04 03:57:20,325 - __main__ - INFO -   TotPkts: -8.7719
2025-01-04 03:57:20,327 - __main__ - INFO -   BytesPerSecond: 6.4818
2025-01-04 03:57:20,329 - __main__ - INFO -   TotBytes: 5.5126
2025-01-04 03:57:20,331 - __main__ - INFO -   SrcAddrEntropy: 1.6464
2025-01-04 03:57:20,333 - __main__ - INFO -   Dir: -1.6446
2025-01-04 03:57:20,336 - __main__ - INFO -   SportRange: 1.3630
2025-01-04 03:57:20,338 - __main__ - INFO -   State: 0.8161
2025-01-04 03:57:20,340 - __main__ - INFO -   Proto: 0.7799
2025-01-04 03:57:20,499 - __main__ - INFO - Top 10 features bar chart saved to plots/top10_features_LogisticRegression.png
2025-01-04 03:57:20,502 - __main__ - INFO - Starting GridSearch for GradientBoosting...
2025-01-04 03:57:20,505 - __main__ - INFO - Fitting GradientBoosting model with GridSearchCV...
2025-01-04 03:57:21,843 - __main__ - INFO - GradientBoosting -> Training time: 1.34 seconds
2025-01-04 03:57:21,854 - __main__ - INFO - 
Classification Report for GradientBoosting:
              precision    recall  f1-score   support

           0       1.00      1.00      1.00       544
           1       1.00      1.00      1.00      1633

    accuracy                           1.00      2177
   macro avg       1.00      1.00      1.00      2177
weighted avg       1.00      1.00      1.00      2177

2025-01-04 03:57:21,857 - __main__ - INFO - GradientBoosting -> Best Params: {'clf__learning_rate': 0.1, 'clf__max_depth': 5, 'clf__n_estimators': 100}
2025-01-04 03:57:21,860 - __main__ - INFO - GradientBoosting -> Best CV Score (F1): 0.9992
2025-01-04 03:57:21,862 - __main__ - INFO - GradientBoosting -> Test Accuracy: 0.9986
2025-01-04 03:57:21,864 - __main__ - INFO - GradientBoosting -> Test Precision: 0.9988
2025-01-04 03:57:21,866 - __main__ - INFO - GradientBoosting -> Test Recall: 0.9994
2025-01-04 03:57:21,869 - __main__ - INFO - GradientBoosting -> Test F1 Score: 0.9991
2025-01-04 03:57:21,874 - __main__ - INFO - GradientBoosting -> Test ROC AUC: 1.0000
2025-01-04 03:57:22,039 - __main__ - INFO - ROC curve saved to plots/roc_GradientBoosting.png
2025-01-04 03:57:22,149 - __main__ - INFO - Confusion matrix saved to plots/confusion_matrix_GradientBoosting.png
2025-01-04 03:57:22,153 - __main__ - INFO - GradientBoosting -> Top 10 features (feature_importances_):
2025-01-04 03:57:22,155 - __main__ - INFO -   SrcBytes: 0.9622
2025-01-04 03:57:22,157 - __main__ - INFO -   Proto: 0.0286
2025-01-04 03:57:22,160 - __main__ - INFO -   SrcAddrEntropy: 0.0036
2025-01-04 03:57:22,162 - __main__ - INFO -   TotBytes: 0.0017
2025-01-04 03:57:22,164 - __main__ - INFO -   DstAddrEntropy: 0.0012
2025-01-04 03:57:22,166 - __main__ - INFO -   BytesPerSecond: 0.0010
2025-01-04 03:57:22,168 - __main__ - INFO -   DportRange: 0.0006
2025-01-04 03:57:22,171 - __main__ - INFO -   TotPkts: 0.0004
2025-01-04 03:57:22,172 - __main__ - INFO -   Dur: 0.0002
2025-01-04 03:57:22,174 - __main__ - INFO -   State: 0.0001
2025-01-04 03:57:22,339 - __main__ - INFO - Top 10 features bar chart saved to plots/top10_features_GradientBoosting.png
2025-01-04 03:57:22,342 - __main__ - INFO - All GridSearches complete. Summary of results:
2025-01-04 03:57:22,344 - __main__ - INFO - Model: RandomForest
  CV F1: 0.9992
  Best Params: {'clf__max_depth': 10, 'clf__min_samples_leaf': 1, 'clf__min_samples_split': 2, 'clf__n_estimators': 50}
  Test Accuracy: 0.9986
  Test Precision: 0.9988
  Test Recall: 0.9994
  Test F1: 0.9991
  Test ROC AUC: 0.9999977486401787
  Train Time (s): 2.15

2025-01-04 03:57:22,347 - __main__ - INFO - Model: DecisionTree
  CV F1: 0.9991
  Best Params: {'clf__max_depth': 10, 'clf__min_samples_leaf': 1, 'clf__min_samples_split': 2}
  Test Accuracy: 0.9991
  Test Precision: 0.9988
  Test Recall: 1.0000
  Test F1: 0.9994
  Test ROC AUC: 0.9981617647058824
  Train Time (s): 0.11

2025-01-04 03:57:22,349 - __main__ - INFO - Model: NaiveBayes
  CV F1: 0.9865
  Best Params: {'clf__var_smoothing': 1e-09}
  Test Accuracy: 0.9816
  Test Precision: 0.9778
  Test Recall: 0.9982
  Test F1: 0.9879
  Test ROC AUC: 0.9962638683764993
  Train Time (s): 0.04

2025-01-04 03:57:22,351 - __main__ - INFO - Model: KNN
  CV F1: 0.9988
  Best Params: {'clf__n_neighbors': 5, 'clf__weights': 'distance'}
  Test Accuracy: 0.9991
  Test Precision: 1.0000
  Test Recall: 0.9988
  Test F1: 0.9994
  Test ROC AUC: 0.9999988743200894
  Train Time (s): 0.16

2025-01-04 03:57:22,354 - __main__ - INFO - Model: SVM
  CV F1: 0.9953
  Best Params: {'clf__C': 10.0, 'clf__kernel': 'rbf'}
  Test Accuracy: 0.9963
  Test Precision: 0.9957
  Test Recall: 0.9994
  Test F1: 0.9976
  Test ROC AUC: 0.9998682954504521
  Train Time (s): 3.63

2025-01-04 03:57:22,356 - __main__ - INFO - Model: LogisticRegression
  CV F1: 0.9917
  Best Params: {'clf__C': 10, 'clf__penalty': 'l1'}
  Test Accuracy: 0.9890
  Test Precision: 0.9867
  Test Recall: 0.9988
  Test F1: 0.9927
  Test ROC AUC: 0.9997118259428694
  Train Time (s): 20.87

2025-01-04 03:57:22,358 - __main__ - INFO - Model: GradientBoosting
  CV F1: 0.9992
  Best Params: {'clf__learning_rate': 0.1, 'clf__max_depth': 5, 'clf__n_estimators': 100}
  Test Accuracy: 0.9986
  Test Precision: 0.9988
  Test Recall: 0.9994
  Test F1: 0.9991
  Test ROC AUC: 0.9999977486401787
  Train Time (s): 1.34

2025-01-04 03:57:22,411 - __main__ - INFO - SECTION 6: MODEL COMPARISON AND RANKING
2025-01-04 03:57:22,415 - __main__ - INFO - Comparison of all models, sorted by Test F1 (descending):
2025-01-04 03:57:22,418 - __main__ - INFO - 
| Model              | best_params                                                                                              |    cv_f1 |   test_accuracy |   test_precision |   test_recall |   test_f1 |   test_roc_auc |   train_time_sec |   Rank |
|:-------------------|:---------------------------------------------------------------------------------------------------------|---------:|----------------:|-----------------:|--------------:|----------:|---------------:|-----------------:|-------:|
| DecisionTree       | {'clf__max_depth': 10, 'clf__min_samples_leaf': 1, 'clf__min_samples_split': 2}                          | 0.999081 |        0.999081 |         0.998777 |      1        |  0.999388 |       0.998162 |         0.107061 |      1 |
| KNN                | {'clf__n_neighbors': 5, 'clf__weights': 'distance'}                                                      | 0.998774 |        0.999081 |         1        |      0.998775 |  0.999387 |       0.999999 |         0.159439 |      2 |
| RandomForest       | {'clf__max_depth': 10, 'clf__min_samples_leaf': 1, 'clf__min_samples_split': 2, 'clf__n_estimators': 50} | 0.999234 |        0.998622 |         0.998776 |      0.999388 |  0.999082 |       0.999998 |         2.14772  |      3 |
| GradientBoosting   | {'clf__learning_rate': 0.1, 'clf__max_depth': 5, 'clf__n_estimators': 100}                               | 0.999158 |        0.998622 |         0.998776 |      0.999388 |  0.999082 |       0.999998 |         1.33746  |      4 |
| SVM                | {'clf__C': 10.0, 'clf__kernel': 'rbf'}                                                                   | 0.995343 |        0.996325 |         0.995729 |      0.999388 |  0.997555 |       0.999868 |         3.62791  |      5 |
| LogisticRegression | {'clf__C': 10, 'clf__penalty': 'l1'}                                                                     | 0.991715 |        0.988976 |         0.986691 |      0.998775 |  0.992696 |       0.999712 |        20.8684   |      6 |
| NaiveBayes         | {'clf__var_smoothing': 1e-09}                                                                            | 0.986452 |        0.981626 |         0.977804 |      0.998163 |  0.987879 |       0.996264 |         0.042115 |      7 |
2025-01-04 03:57:22,420 - __main__ - INFO - Comparison of all models, sorted by Test F1 (descending):
2025-01-04 03:57:22,422 - __main__ - INFO - | Model              | best_params                                                                                              |    cv_f1 |   test_accuracy |   test_precision |   test_recall |   test_f1 |   test_roc_auc |   train_time_sec |   Rank |
|:-------------------|:---------------------------------------------------------------------------------------------------------|---------:|----------------:|-----------------:|--------------:|----------:|---------------:|-----------------:|-------:|
| DecisionTree       | {'clf__max_depth': 10, 'clf__min_samples_leaf': 1, 'clf__min_samples_split': 2}                          | 0.999081 |        0.999081 |         0.998777 |      1        |  0.999388 |       0.998162 |         0.107061 |      1 |
| KNN                | {'clf__n_neighbors': 5, 'clf__weights': 'distance'}                                                      | 0.998774 |        0.999081 |         1        |      0.998775 |  0.999387 |       0.999999 |         0.159439 |      2 |
| RandomForest       | {'clf__max_depth': 10, 'clf__min_samples_leaf': 1, 'clf__min_samples_split': 2, 'clf__n_estimators': 50} | 0.999234 |        0.998622 |         0.998776 |      0.999388 |  0.999082 |       0.999998 |         2.14772  |      3 |
| GradientBoosting   | {'clf__learning_rate': 0.1, 'clf__max_depth': 5, 'clf__n_estimators': 100}                               | 0.999158 |        0.998622 |         0.998776 |      0.999388 |  0.999082 |       0.999998 |         1.33746  |      4 |
| SVM                | {'clf__C': 10.0, 'clf__kernel': 'rbf'}                                                                   | 0.995343 |        0.996325 |         0.995729 |      0.999388 |  0.997555 |       0.999868 |         3.62791  |      5 |
| LogisticRegression | {'clf__C': 10, 'clf__penalty': 'l1'}                                                                     | 0.991715 |        0.988976 |         0.986691 |      0.998775 |  0.992696 |       0.999712 |        20.8684   |      6 |
| NaiveBayes         | {'clf__var_smoothing': 1e-09}                                                                            | 0.986452 |        0.981626 |         0.977804 |      0.998163 |  0.987879 |       0.996264 |         0.042115 |      7 |
2025-01-04 03:57:22,425 - __main__ - INFO - Best model according to Test F1 is DecisionTree with F1=0.9994
2025-01-04 03:57:22,428 - __main__ - INFO - Best model hyperparameters: {'clf__max_depth': 10, 'clf__min_samples_leaf': 1, 'clf__min_samples_split': 2}
2025-01-04 03:57:22,430 - __main__ - INFO - Retrieved best model object for DecisionTree
